\BOOKMARK [0][-]{chapter.1}{\376\377\000R\000e\000q\000u\000i\000r\000e\000m\000e\000n\000t\000s}{}% 1
\BOOKMARK [0][-]{chapter.2}{\376\377\000A\000l\000g\000o\000r\000i\000t\000h\000m\000s}{}% 2
\BOOKMARK [0][-]{chapter.3}{\376\377\000Q\000u\000i\000c\000k\000s\000t\000a\000r\000t}{}% 3
\BOOKMARK [1][-]{section.3.1}{\376\377\000F\000i\000r\000s\000t\000\040\000S\000t\000e\000p\000s}{chapter.3}% 4
\BOOKMARK [2][-]{subsection.3.1.1}{\376\377\000I\000n\000s\000t\000a\000l\000l\000a\000t\000i\000o\000n}{section.3.1}% 5
\BOOKMARK [3][-]{section*.3}{\376\377\000I\000n\000s\000t\000a\000l\000l\000\040\000R\000e\000c\000o\000m\000m\000e\000n\000d\000a\000t\000i\000o\000n}{subsection.3.1.1}% 6
\BOOKMARK [3][-]{section*.4}{\376\377\000B\000y\000\040\000O\000p\000e\000r\000a\000t\000i\000n\000g\000\040\000S\000y\000s\000t\000e\000m}{subsection.3.1.1}% 7
\BOOKMARK [4][-]{section*.5}{\376\377\000W\000i\000n\000d\000o\000w\000s}{section*.4}% 8
\BOOKMARK [3][-]{section*.6}{\376\377\000W\000S\000L\0002\000\040\000\050\000W\000i\000n\000d\000o\000w\000s\000\040\000S\000u\000b\000s\000y\000s\000t\000e\000m\000\040\000f\000o\000r\000\040\000L\000i\000n\000u\000x\000\051}{subsection.3.1.1}% 9
\BOOKMARK [3][-]{section*.7}{\376\377\000F\000o\000r\000\040\000u\000n\000i\000x\000\040\000\050\000L\000i\000n\000u\000x\000/\000M\000a\000c\000O\000S\000\051\000:}{subsection.3.1.1}% 10
\BOOKMARK [4][-]{section*.8}{\376\377\000F\000i\000n\000d\000\040\000M\000A\000T\000L\000A\000B\000\040\000I\000n\000s\000t\000a\000l\000l\000\040\000L\000o\000c\000a\000t\000i\000o\000n\000:}{section*.7}% 11
\BOOKMARK [2][-]{subsection.3.1.2}{\376\377\000S\000e\000m\000a\000n\000t\000i\000c\000s}{section.3.1}% 12
\BOOKMARK [2][-]{subsection.3.1.3}{\376\377\000G\000e\000t\000t\000i\000n\000g\000\040\000S\000t\000a\000r\000t\000e\000d}{section.3.1}% 13
\BOOKMARK [3][-]{section*.9}{\376\377\000D\000e\000p\000e\000n\000d\000e\000n\000c\000i\000e\000s}{subsection.3.1.3}% 14
\BOOKMARK [3][-]{section*.10}{\376\377\000D\000i\000r\000e\000c\000t\000o\000r\000y\000\040\000S\000t\000r\000u\000c\000t\000u\000r\000e}{subsection.3.1.3}% 15
\BOOKMARK [1][-]{section.3.2}{\376\377\000U\000s\000e\000r\000\040\000G\000u\000i\000d\000e}{chapter.3}% 16
\BOOKMARK [2][-]{subsection.3.2.1}{\376\377\000P\000r\000e\000-\000P\000r\000o\000c\000e\000s\000s\000i\000n\000g}{section.3.2}% 17
\BOOKMARK [3][-]{section*.11}{\376\377\0001\000.\000\040\000R\000e\000-\000C\000o\000n\000s\000t\000r\000u\000c\000t\000\040\000V\000o\000l\000u\000m\000e\000t\000r\000i\000c\000\040\000T\000i\000m\000e\000-\000S\000e\000r\000i\000e\000s}{subsection.3.2.1}% 18
\BOOKMARK [4][-]{section*.12}{\376\377\000E\000x\000t\000r\000a\000c\000t\000i\000o\000n\000\040\000I\000n\000p\000u\000t}{section*.11}% 19
\BOOKMARK [4][-]{section*.13}{\376\377\000E\000x\000t\000r\000a\000c\000t\000i\000o\000n\000\040\000O\000u\000t\000p\000u\000t}{section*.11}% 20
\BOOKMARK [3][-]{section*.14}{\376\377\0002\000.\000\040\000P\000i\000e\000c\000e\000w\000i\000s\000e\000-\000R\000i\000g\000i\000d\000\040\000M\000o\000t\000i\000o\000n\000-\000C\000o\000r\000r\000e\000c\000t\000i\000o\000n}{subsection.3.2.1}% 21
\BOOKMARK [4][-]{section*.15}{\376\377\000R\000i\000g\000i\000d\000\040\000v\000s\000\040\000N\000o\000n\000-\000R\000i\000g\000i\000d}{section*.14}% 22
\BOOKMARK [4][-]{section*.17}{\376\377\000R\000e\000g\000i\000s\000t\000r\000a\000t\000i\000o\000n\000\040\000O\000u\000t\000p\000u\000t}{section*.14}% 23
\BOOKMARK [4][-]{section*.19}{\376\377\000M\000e\000t\000r\000i\000c\000s}{section*.14}% 24
\BOOKMARK [2][-]{subsection.3.2.2}{\376\377\000S\000e\000g\000m\000e\000n\000t\000a\000t\000i\000o\000n\000\040\000a\000n\000d\000\040\000D\000e\000c\000o\000n\000v\000o\000l\000u\000t\000i\000o\000n}{section.3.2}% 25
\BOOKMARK [3][-]{section*.20}{\376\377\000O\000v\000e\000r\000v\000i\000e\000w}{subsection.3.2.2}% 26
\BOOKMARK [3][-]{section*.21}{\376\377\000F\000u\000n\000c\000t\000i\000o\000n\000\040\000U\000s\000a\000g\000e}{subsection.3.2.2}% 27
\BOOKMARK [4][-]{section*.22}{\376\377\000s\000e\000g\000m\000e\000n\000t\000P\000l\000a\000n\000e}{section*.21}% 28
\BOOKMARK [3][-]{section*.23}{\376\377\000A\000t\000o\000A\000c}{subsection.3.2.2}% 29
\BOOKMARK [3][-]{section*.24}{\376\377\000C\000o\000m\000p\000o\000n\000e\000n\000t\000\040\000V\000a\000l\000i\000d\000a\000t\000i\000o\000n}{subsection.3.2.2}% 30
\BOOKMARK [3][-]{section*.25}{\376\377\000P\000a\000r\000a\000m\000e\000t\000e\000r\000s}{subsection.3.2.2}% 31
\BOOKMARK [4][-]{section*.26}{\376\377\000T\000a\000u}{section*.25}% 32
\BOOKMARK [4][-]{section*.27}{\376\377\000m\000e\000r\000g\000e\000\137\000t\000h\000r\000e\000s\000h}{section*.25}% 33
\BOOKMARK [4][-]{section*.28}{\376\377\000E\000x\000a\000c\000t\000\040\000C\000a\000I\000m\000A\000n\000\040\000P\000a\000r\000a\000m\000e\000t\000e\000r\000s}{section*.25}% 34
\BOOKMARK [3][-]{section*.29}{\376\377\000D\000e\000c\000o\000n\000v\000o\000l\000u\000t\000i\000o\000n}{subsection.3.2.2}% 35
\BOOKMARK [2][-]{subsection.3.2.3}{\376\377\000A\000x\000i\000a\000l\000-\000O\000f\000f\000s\000e\000t\000\040\000C\000o\000r\000r\000e\000c\000t\000i\000o\000n}{section.3.2}% 36
\BOOKMARK [2][-]{subsection.3.2.4}{\376\377\000S\000c\000a\000n\000I\000m\000a\000g\000e\000\040\000M\000e\000t\000a\000d\000a\000t\000a}{section.3.2}% 37
\BOOKMARK [2][-]{subsection.3.2.5}{\376\377\000T\000i\000p\000s\000\040\000a\000n\000d\000\040\000T\000r\000i\000c\000k\000s}{section.3.2}% 38
\BOOKMARK [3][-]{section*.32}{\376\377\000L\000e\000a\000r\000n\000\040\000a\000b\000o\000u\000t\000\040\000F\000u\000n\000c\000t\000i\000o\000n\000s}{subsection.3.2.5}% 39
\BOOKMARK [3][-]{section*.33}{\376\377\000M\000A\000T\000L\000A\000B\000\040\000a\000n\000d\000\040\000P\000y\000t\000h\000o\000n}{subsection.3.2.5}% 40
\BOOKMARK [4][-]{section*.34}{\376\377\000I\000n\000d\000e\000x\000i\000n\000g}{section*.33}% 41
\BOOKMARK [4][-]{section*.35}{\376\377\000R\000o\000w\000/\000C\000o\000l\000u\000m\000n\000\040\000O\000p\000e\000r\000a\000t\000i\000o\000n\000s}{section*.33}% 42
\BOOKMARK [3][-]{section*.36}{\376\377\000N\000u\000m\000b\000e\000r\000\040\000o\000f\000\040\000C\000o\000r\000e\000s\000/\000W\000o\000r\000k\000e\000r\000s}{subsection.3.2.5}% 43
